<?xml version="1.0" encoding="UTF-8"?>
<testng-results ignored="0" total="1" passed="1" failed="0" skipped="0">
  <reporter-output>
  </reporter-output>
  <suite started-at="2022-12-20T16:19:21 IST" name="Default suite" finished-at="2022-12-20T16:19:24 IST" duration-ms="2889">
    <groups>
    </groups>
    <test started-at="2022-12-20T16:19:21 IST" name="Default test" finished-at="2022-12-20T16:19:24 IST" duration-ms="2889">
      <class name="API_Script.Demo1_GET_Request">
        <test-method signature="getWeatherDetails()[pri:0, instance:API_Script.Demo1_GET_Request@11bd0f3b]" started-at="2022-12-20T16:19:21 IST" name="getWeatherDetails" finished-at="2022-12-20T16:19:24 IST" duration-ms="2833" status="PASS">
          <reporter-output>
          </reporter-output>
        </test-method> <!-- getWeatherDetails -->
      </class> <!-- API_Script.Demo1_GET_Request -->
    </test> <!-- Default test -->
  </suite> <!-- Default suite -->
</testng-results>
